INFO [2024-11-23 23:41:54] $x
INFO [2024-11-23 23:41:54] venn_list
INFO [2024-11-23 23:41:54] 
INFO [2024-11-23 23:41:54] $category.names
INFO [2024-11-23 23:41:54] category_names
INFO [2024-11-23 23:41:54] 
INFO [2024-11-23 23:41:54] $lwd
INFO [2024-11-23 23:41:54] [1] 2
INFO [2024-11-23 23:41:54] 
INFO [2024-11-23 23:41:54] $lty
INFO [2024-11-23 23:41:54] [1] "blank"
INFO [2024-11-23 23:41:54] 
INFO [2024-11-23 23:41:54] $fill
INFO [2024-11-23 23:41:54] c("darkolivegreen4", "gold3", "cornsilk4", "#009E73")
INFO [2024-11-23 23:41:54] 
INFO [2024-11-23 23:41:54] $cex
INFO [2024-11-23 23:41:54] [1] 0.9
INFO [2024-11-23 23:41:54] 
INFO [2024-11-23 23:41:54] $fontface
INFO [2024-11-23 23:41:54] [1] "italic"
INFO [2024-11-23 23:41:54] 
INFO [2024-11-23 23:41:54] $cat.cex
INFO [2024-11-23 23:41:54] [1] 1
INFO [2024-11-23 23:41:54] 
INFO [2024-11-23 23:41:54] $cat.fontface
INFO [2024-11-23 23:41:54] [1] "bold"
INFO [2024-11-23 23:41:54] 
INFO [2024-11-23 23:41:54] $cat.default.pos
INFO [2024-11-23 23:41:54] [1] "outer"
INFO [2024-11-23 23:41:54] 
INFO [2024-11-23 23:41:54] $cat.dist
INFO [2024-11-23 23:41:54] c(0.055, 0.055, 0.1, 0.1)
INFO [2024-11-23 23:41:54] 
INFO [2024-11-23 23:41:54] $filename
INFO [2024-11-23 23:41:54] NULL
INFO [2024-11-23 23:41:54] 
INFO [2024-11-23 23:41:54] $output
INFO [2024-11-23 23:41:54] [1] TRUE
INFO [2024-11-23 23:41:54] 
