INFO [2024-11-23 23:01:05] $x
INFO [2024-11-23 23:01:05] venn_list
INFO [2024-11-23 23:01:05] 
INFO [2024-11-23 23:01:05] $category.names
INFO [2024-11-23 23:01:05] category_names
INFO [2024-11-23 23:01:05] 
INFO [2024-11-23 23:01:05] $lwd
INFO [2024-11-23 23:01:05] [1] 2
INFO [2024-11-23 23:01:05] 
INFO [2024-11-23 23:01:05] $lty
INFO [2024-11-23 23:01:05] [1] "blank"
INFO [2024-11-23 23:01:05] 
INFO [2024-11-23 23:01:05] $fill
INFO [2024-11-23 23:01:05] c("darkolivegreen4", "gold3", "cornsilk4", "#009E73")
INFO [2024-11-23 23:01:05] 
INFO [2024-11-23 23:01:05] $cex
INFO [2024-11-23 23:01:05] [1] 0.9
INFO [2024-11-23 23:01:05] 
INFO [2024-11-23 23:01:05] $fontface
INFO [2024-11-23 23:01:05] [1] "italic"
INFO [2024-11-23 23:01:05] 
INFO [2024-11-23 23:01:05] $cat.cex
INFO [2024-11-23 23:01:05] [1] 1
INFO [2024-11-23 23:01:05] 
INFO [2024-11-23 23:01:05] $cat.fontface
INFO [2024-11-23 23:01:05] [1] "bold"
INFO [2024-11-23 23:01:05] 
INFO [2024-11-23 23:01:05] $cat.default.pos
INFO [2024-11-23 23:01:05] [1] "outer"
INFO [2024-11-23 23:01:05] 
INFO [2024-11-23 23:01:05] $cat.dist
INFO [2024-11-23 23:01:05] c(0.055, 0.055, 0.1, 0.1)
INFO [2024-11-23 23:01:05] 
INFO [2024-11-23 23:01:05] $filename
INFO [2024-11-23 23:01:05] NULL
INFO [2024-11-23 23:01:05] 
INFO [2024-11-23 23:01:05] $output
INFO [2024-11-23 23:01:05] [1] TRUE
INFO [2024-11-23 23:01:05] 
