INFO [2024-11-23 22:57:41] $x
INFO [2024-11-23 22:57:41] venn_list
INFO [2024-11-23 22:57:41] 
INFO [2024-11-23 22:57:41] $category.names
INFO [2024-11-23 22:57:41] category_names
INFO [2024-11-23 22:57:41] 
INFO [2024-11-23 22:57:41] $lwd
INFO [2024-11-23 22:57:41] [1] 2
INFO [2024-11-23 22:57:41] 
INFO [2024-11-23 22:57:41] $lty
INFO [2024-11-23 22:57:41] [1] "blank"
INFO [2024-11-23 22:57:41] 
INFO [2024-11-23 22:57:41] $fill
INFO [2024-11-23 22:57:41] c("darkolivegreen4", "gold3", "cornsilk4", "#009E73")
INFO [2024-11-23 22:57:41] 
INFO [2024-11-23 22:57:41] $cex
INFO [2024-11-23 22:57:41] [1] 0.9
INFO [2024-11-23 22:57:41] 
INFO [2024-11-23 22:57:41] $fontface
INFO [2024-11-23 22:57:41] [1] "italic"
INFO [2024-11-23 22:57:41] 
INFO [2024-11-23 22:57:41] $cat.cex
INFO [2024-11-23 22:57:41] [1] 1
INFO [2024-11-23 22:57:41] 
INFO [2024-11-23 22:57:41] $cat.fontface
INFO [2024-11-23 22:57:41] [1] "bold"
INFO [2024-11-23 22:57:41] 
INFO [2024-11-23 22:57:41] $cat.default.pos
INFO [2024-11-23 22:57:41] [1] "outer"
INFO [2024-11-23 22:57:41] 
INFO [2024-11-23 22:57:41] $cat.dist
INFO [2024-11-23 22:57:41] c(0.055, 0.055, 0.1, 0.1)
INFO [2024-11-23 22:57:41] 
INFO [2024-11-23 22:57:41] $filename
INFO [2024-11-23 22:57:41] NULL
INFO [2024-11-23 22:57:41] 
INFO [2024-11-23 22:57:41] $output
INFO [2024-11-23 22:57:41] [1] TRUE
INFO [2024-11-23 22:57:41] 
