INFO [2024-11-23 23:41:49] $x
INFO [2024-11-23 23:41:49] venn_list
INFO [2024-11-23 23:41:49] 
INFO [2024-11-23 23:41:49] $category.names
INFO [2024-11-23 23:41:49] category_names
INFO [2024-11-23 23:41:49] 
INFO [2024-11-23 23:41:49] $lwd
INFO [2024-11-23 23:41:49] [1] 2
INFO [2024-11-23 23:41:49] 
INFO [2024-11-23 23:41:49] $lty
INFO [2024-11-23 23:41:49] [1] "blank"
INFO [2024-11-23 23:41:49] 
INFO [2024-11-23 23:41:49] $fill
INFO [2024-11-23 23:41:49] c("darkolivegreen4", "gold3", "cornsilk4", "#009E73")
INFO [2024-11-23 23:41:49] 
INFO [2024-11-23 23:41:49] $cex
INFO [2024-11-23 23:41:49] [1] 0.9
INFO [2024-11-23 23:41:49] 
INFO [2024-11-23 23:41:49] $fontface
INFO [2024-11-23 23:41:49] [1] "italic"
INFO [2024-11-23 23:41:49] 
INFO [2024-11-23 23:41:49] $cat.cex
INFO [2024-11-23 23:41:49] [1] 1
INFO [2024-11-23 23:41:49] 
INFO [2024-11-23 23:41:49] $cat.fontface
INFO [2024-11-23 23:41:49] [1] "bold"
INFO [2024-11-23 23:41:49] 
INFO [2024-11-23 23:41:49] $cat.default.pos
INFO [2024-11-23 23:41:49] [1] "outer"
INFO [2024-11-23 23:41:49] 
INFO [2024-11-23 23:41:49] $cat.dist
INFO [2024-11-23 23:41:49] c(0.055, 0.055, 0.1, 0.1)
INFO [2024-11-23 23:41:49] 
INFO [2024-11-23 23:41:49] $filename
INFO [2024-11-23 23:41:49] NULL
INFO [2024-11-23 23:41:49] 
INFO [2024-11-23 23:41:49] $output
INFO [2024-11-23 23:41:49] [1] TRUE
INFO [2024-11-23 23:41:49] 
