[2024-01-24 11:31:26] [INFO]    [OmnipathR] Welcome to OmnipathR!
[2024-01-24 11:31:26] [TRACE]   [OmnipathR] Reading JSON from `/home/mcelik/.cache/OmnipathR/cache.json` (encoding: UTF-8).
[2024-01-24 11:31:26] [TRACE]   [OmnipathR] JSON validation successful: TRUE
[2024-01-24 11:31:26] [INFO]    [OmnipathR] Initialized cache: `/home/mcelik/.cache/OmnipathR`.
[2024-01-24 11:31:26] [TRACE]   [OmnipathR] Reading JSON from `/work/project/ladcol_011/conda_path/miniconda3/envs/NicheNet/lib/R/library/OmnipathR/db/db_def.json` (encoding: UTF-8).
[2024-01-24 11:31:26] [TRACE]   [OmnipathR] JSON validation successful: TRUE
[2024-01-24 11:31:26] [TRACE]   [OmnipathR] Reading JSON from `/work/project/ladcol_011/conda_path/miniconda3/envs/NicheNet/lib/R/library/OmnipathR/internal/magic_bytes.json` (encoding: UTF-8).
[2024-01-24 11:31:26] [TRACE]   [OmnipathR] JSON validation successful: TRUE
[2024-01-24 11:31:26] [TRACE]   [OmnipathR] Reading JSON from `/work/project/ladcol_011/conda_path/miniconda3/envs/NicheNet/lib/R/library/OmnipathR/internal/urls.json` (encoding: UTF-8).
[2024-01-24 11:31:26] [TRACE]   [OmnipathR] JSON validation successful: TRUE
[2024-01-24 11:31:26] [TRACE]   [OmnipathR] Reading JSON from `/work/project/ladcol_011/conda_path/miniconda3/envs/NicheNet/lib/R/library/OmnipathR/internal/id_types.json` (encoding: UTF-8).
[2024-01-24 11:31:26] [TRACE]   [OmnipathR] JSON validation successful: TRUE
[2024-01-24 11:34:33] [INFO]    [OmnipathR] Cache record does not exist: `https://omnipathdb.org/interactions?genesymbols=yes&datasets=omnipath,pathwayextra,kinaseextra&organisms=9606&fields=sources,references,curation_effort&license=academic`
[2024-01-24 11:34:33] [INFO]    [OmnipathR] Retrieving URL: `https://omnipathdb.org/interactions?genesymbols=yes&datasets=omnipath,pathwayextra,kinaseextra&organisms=9606&fields=sources,references,curation_effort&license=academic`
[2024-01-24 11:34:33] [TRACE]   [OmnipathR] Attempt 1/3: `https://omnipathdb.org/interactions?genesymbols=yes&datasets=omnipath,pathwayextra,kinaseextra&organisms=9606&fields=sources,references,curation_effort&license=academic`
[2024-01-24 11:34:43] [WARN]    [OmnipathR] Failed to download `https://omnipathdb.org/interactions?genesymbols=yes&datasets=omnipath,pathwayextra,kinaseextra&organisms=9606&fields=sources,references,curation_effort&license=academic` (attempt 1/3); error: Timeout was reached: [omnipathdb.org] Failed to connect to omnipathdb.org port 443 after 10002 ms: Timeout was reached
[2024-01-24 11:34:48] [TRACE]   [OmnipathR] Attempt 2/3: `https://omnipathdb.org/interactions?genesymbols=yes&datasets=omnipath,pathwayextra,kinaseextra&organisms=9606&fields=sources,references,curation_effort&license=academic`
[2024-01-24 11:34:58] [WARN]    [OmnipathR] Failed to download `https://omnipathdb.org/interactions?genesymbols=yes&datasets=omnipath,pathwayextra,kinaseextra&organisms=9606&fields=sources,references,curation_effort&license=academic` (attempt 2/3); error: Timeout was reached: [omnipathdb.org] Failed to connect to omnipathdb.org port 443 after 10002 ms: Timeout was reached
[2024-01-24 11:35:04] [TRACE]   [OmnipathR] Attempt 3/3: `https://omnipathdb.org/interactions?genesymbols=yes&datasets=omnipath,pathwayextra,kinaseextra&organisms=9606&fields=sources,references,curation_effort&license=academic`
[2024-01-24 11:35:14] [ERROR]   [OmnipathR] Failed to download `https://omnipathdb.org/interactions?genesymbols=yes&datasets=omnipath,pathwayextra,kinaseextra&organisms=9606&fields=sources,references,curation_effort&license=academic` (attempt 3/3); error: Timeout was reached: [omnipathdb.org] Failed to connect to omnipathdb.org port 443 after 10002 ms: Timeout was reached
[2024-01-24 11:44:31] [INFO]    [OmnipathR] Cache record does not exist: `https://omnipathdb.org/interactions?genesymbols=yes&datasets=omnipath,pathwayextra,kinaseextra&organisms=9606&fields=sources,references,curation_effort&license=academic`
[2024-01-24 11:44:31] [INFO]    [OmnipathR] Retrieving URL: `https://omnipathdb.org/interactions?genesymbols=yes&datasets=omnipath,pathwayextra,kinaseextra&organisms=9606&fields=sources,references,curation_effort&license=academic`
[2024-01-24 11:44:31] [TRACE]   [OmnipathR] Attempt 1/3: `https://omnipathdb.org/interactions?genesymbols=yes&datasets=omnipath,pathwayextra,kinaseextra&organisms=9606&fields=sources,references,curation_effort&license=academic`
[2024-01-24 11:44:41] [WARN]    [OmnipathR] Failed to download `https://omnipathdb.org/interactions?genesymbols=yes&datasets=omnipath,pathwayextra,kinaseextra&organisms=9606&fields=sources,references,curation_effort&license=academic` (attempt 1/3); error: Timeout was reached: [omnipathdb.org] Failed to connect to omnipathdb.org port 443 after 10002 ms: Timeout was reached
[2024-01-24 11:44:46] [TRACE]   [OmnipathR] Attempt 2/3: `https://omnipathdb.org/interactions?genesymbols=yes&datasets=omnipath,pathwayextra,kinaseextra&organisms=9606&fields=sources,references,curation_effort&license=academic`
[2024-01-24 11:44:56] [WARN]    [OmnipathR] Failed to download `https://omnipathdb.org/interactions?genesymbols=yes&datasets=omnipath,pathwayextra,kinaseextra&organisms=9606&fields=sources,references,curation_effort&license=academic` (attempt 2/3); error: Timeout was reached: [omnipathdb.org] Failed to connect to omnipathdb.org port 443 after 10002 ms: Timeout was reached
[2024-01-24 11:45:01] [TRACE]   [OmnipathR] Attempt 3/3: `https://omnipathdb.org/interactions?genesymbols=yes&datasets=omnipath,pathwayextra,kinaseextra&organisms=9606&fields=sources,references,curation_effort&license=academic`
