[2024-01-24 12:04:42] [INFO]    [OmnipathR] Welcome to OmnipathR!
[2024-01-24 12:04:42] [TRACE]   [OmnipathR] Reading JSON from `/home/mcelik/.cache/OmnipathR/cache.json` (encoding: UTF-8).
[2024-01-24 12:04:42] [TRACE]   [OmnipathR] JSON validation successful: TRUE
[2024-01-24 12:04:42] [INFO]    [OmnipathR] Initialized cache: `/home/mcelik/.cache/OmnipathR`.
[2024-01-24 12:04:42] [TRACE]   [OmnipathR] Reading JSON from `/work/project/ladcol_011/conda_path/miniconda3/envs/NicheNet/lib/R/library/OmnipathR/db/db_def.json` (encoding: UTF-8).
[2024-01-24 12:04:42] [TRACE]   [OmnipathR] JSON validation successful: TRUE
[2024-01-24 12:04:42] [TRACE]   [OmnipathR] Reading JSON from `/work/project/ladcol_011/conda_path/miniconda3/envs/NicheNet/lib/R/library/OmnipathR/internal/magic_bytes.json` (encoding: UTF-8).
[2024-01-24 12:04:42] [TRACE]   [OmnipathR] JSON validation successful: TRUE
[2024-01-24 12:04:42] [TRACE]   [OmnipathR] Reading JSON from `/work/project/ladcol_011/conda_path/miniconda3/envs/NicheNet/lib/R/library/OmnipathR/internal/urls.json` (encoding: UTF-8).
[2024-01-24 12:04:42] [TRACE]   [OmnipathR] JSON validation successful: TRUE
[2024-01-24 12:04:42] [TRACE]   [OmnipathR] Reading JSON from `/work/project/ladcol_011/conda_path/miniconda3/envs/NicheNet/lib/R/library/OmnipathR/internal/id_types.json` (encoding: UTF-8).
[2024-01-24 12:04:42] [TRACE]   [OmnipathR] JSON validation successful: TRUE
[2024-01-24 12:07:01] [INFO]    [OmnipathR] Loading database `Ensembl and OMA organism names`.
[2024-01-24 12:07:01] [INFO]    [OmnipathR] Looking up in cache `https://www.ensembl.org/info/about/species.html`: key=7332486db7400730697234bad76ca0c8e4d00799, latest version=1.
[2024-01-24 12:07:01] [TRACE]   [OmnipathR] Cache file path: /home/mcelik/.cache/OmnipathR/7332486db7400730697234bad76ca0c8e4d00799-1.html
[2024-01-24 12:07:02] [TRACE]   [OmnipathR] Looking up in cache: `https://omabrowser.org/All/oma-species.txt`.
[2024-01-24 12:07:02] [TRACE]   [OmnipathR] Loaded data from RDS `/home/mcelik/.cache/OmnipathR/30e690cbb55dfc63b5903ab337f34ffc2f4be397-1.rds`.
[2024-01-24 12:07:02] [INFO]    [OmnipathR] Loaded database `Ensembl and OMA organism names`.
[2024-01-24 12:07:02] [TRACE]   [OmnipathR] Looking up in cache: `https://omnipathdb.org/interactions?genesymbols=yes&datasets=omnipath,pathwayextra,kinaseextra&organisms=9606&fields=sources,references,curation_effort&license=academic`
[2024-01-24 12:07:02] [TRACE]   [OmnipathR] Loaded data from RDS `/home/mcelik/.cache/OmnipathR/ad856aa51db6ba286841a8aa3d1ee37d248ea73f-1.rds`.
[2024-01-24 12:07:02] [INFO]    [OmnipathR] Loaded from cache: `https://omnipathdb.org/interactions?genesymbols=yes&datasets=omnipath,pathwayextra,kinaseextra&organisms=9606&fields=sources,references,curation_effort&license=academic`
[2024-01-24 12:07:09] [SUCCESS] [OmnipathR] Loaded 131885 interactions from cache.
[2024-01-24 13:07:37] [TRACE]   [OmnipathR] Looking up in cache: `https://omnipathdb.org/interactions?genesymbols=yes&datasets=dorothea&organisms=9606&dorothea_levels=A,B,C&fields=evidences,sources,references,curation_effort,dorothea_level&license=academic`
[2024-01-24 13:07:37] [INFO]    [OmnipathR] Cache record does not exist: `https://omnipathdb.org/interactions?genesymbols=yes&datasets=dorothea&organisms=9606&dorothea_levels=A,B,C&fields=evidences,sources,references,curation_effort,dorothea_level&license=academic`
[2024-01-24 13:07:37] [TRACE]   [OmnipathR] Looking up in cache: `http://no-tls.omnipathdb.org/interactions?genesymbols=yes&datasets=dorothea&organisms=9606&dorothea_levels=A,B,C&fields=evidences,sources,references,curation_effort,dorothea_level&license=academic`
[2024-01-24 13:07:37] [INFO]    [OmnipathR] Cache record does not exist: `http://no-tls.omnipathdb.org/interactions?genesymbols=yes&datasets=dorothea&organisms=9606&dorothea_levels=A,B,C&fields=evidences,sources,references,curation_effort,dorothea_level&license=academic`
[2024-01-24 13:07:37] [TRACE]   [OmnipathR] Attempting `https://omnipathdb.org/interactions?genesymbols=yes&datasets=dorothea&organisms=9606&dorothea_levels=A,B,C&fields=evidences,sources,references,curation_effort,dorothea_level&license=academic`
[2024-01-24 13:07:37] [INFO]    [OmnipathR] Retrieving URL: `https://omnipathdb.org/interactions?genesymbols=yes&datasets=dorothea&organisms=9606&dorothea_levels=A,B,C&fields=evidences,sources,references,curation_effort,dorothea_level&license=academic`
[2024-01-24 13:07:37] [TRACE]   [OmnipathR] Attempt 1/3: `https://omnipathdb.org/interactions?genesymbols=yes&datasets=dorothea&organisms=9606&dorothea_levels=A,B,C&fields=evidences,sources,references,curation_effort,dorothea_level&license=academic`
[2024-01-24 13:07:41] [INFO]    [OmnipathR] Successfully retrieved: `https://omnipathdb.org/interactions?genesymbols=yes&datasets=dorothea&organisms=9606&dorothea_levels=A,B,C&fields=evidences,sources,references,curation_effort,dorothea_level&license=academic`
[2024-01-24 13:07:41] [TRACE]   [OmnipathR] Reading JSON from `/home/mcelik/.cache/OmnipathR/cache.json` (encoding: UTF-8).
[2024-01-24 13:07:41] [TRACE]   [OmnipathR] JSON validation successful: TRUE
[2024-01-24 13:07:41] [TRACE]   [OmnipathR] Reading JSON from `/home/mcelik/.cache/OmnipathR/cache.json` (encoding: UTF-8).
[2024-01-24 13:07:41] [TRACE]   [OmnipathR] JSON validation successful: TRUE
[2024-01-24 13:07:41] [INFO]    [OmnipathR] Cache item `df4ae6a860a2b23236e50f889cc3418718388bab` version 1: status changed from `unknown` to `started`.
[2024-01-24 13:07:41] [TRACE]   [OmnipathR] Exporting object to RDS: `/home/mcelik/.cache/OmnipathR/df4ae6a860a2b23236e50f889cc3418718388bab-1.rds`.
[2024-01-24 13:07:41] [TRACE]   [OmnipathR] Exported RDS to `/home/mcelik/.cache/OmnipathR/df4ae6a860a2b23236e50f889cc3418718388bab-1.rds`.
[2024-01-24 13:07:41] [INFO]    [OmnipathR] Download ready [key=df4ae6a860a2b23236e50f889cc3418718388bab, version=1]
[2024-01-24 13:07:41] [TRACE]   [OmnipathR] Reading JSON from `/home/mcelik/.cache/OmnipathR/cache.json` (encoding: UTF-8).
[2024-01-24 13:07:41] [TRACE]   [OmnipathR] JSON validation successful: TRUE
[2024-01-24 13:07:41] [INFO]    [OmnipathR] Cache item `df4ae6a860a2b23236e50f889cc3418718388bab` version 1: status changed from `started` to `ready`.
[2024-01-24 13:07:41] [TRACE]   [OmnipathR] Converting JSON column `evidences` to list.
[2024-01-24 13:07:44] [TRACE]   [OmnipathR] Restricting interaction records to datasets: dorothea; and resources: any
[2024-01-24 13:07:47] [TRACE]   [OmnipathR] Filtering evidence columns: positive, negative, directed, undirected; to datasets: dorothea; and resources: any
[2024-01-24 13:08:28] [SUCCESS] [OmnipathR] Downloaded 32617 interactions.
